{
  "RSpec": {
    "coverage": {
      "/Users/jackgumoes/Makers/weekly challenges/bookmark_manger/spec/bookmark_spec.rb": {
        "lines": [
          1,
          null,
          1,
          1,
          1,
          null,
          1,
          1,
          1,
          null,
          null
        ]
      },
      "/Users/jackgumoes/Makers/weekly challenges/bookmark_manger/lib/bookmark.rb": {
        "lines": [
          1,
          1,
          null,
          2,
          null,
          null,
          null,
          null,
          null
        ]
      },
      "/Users/jackgumoes/Makers/weekly challenges/bookmark_manger/spec/features/viewing_bookmarks_spec.rb": {
        "lines": [
          null,
          1,
          1,
          1,
          1,
          1,
          null,
          null
        ]
      }
    },
    "timestamp": 1614098027
  }
}
